<?xml version="1.0" encoding="UTF-8"?>
<!-- Generated by org.testng.reporters.JUnitXMLReporter -->
<testsuite hostname="LAPTOP-D3528CHI" ignored="0" name="Default test" tests="3" failures="0" timestamp="19 Jun 2021 05:53:42 GMT" time="0.056" errors="0">
  <testcase name="t1" time="0.011" classname="Testpack.DataProvider_demo"/>
  <testcase name="t1" time="0.002" classname="Testpack.DataProvider_demo"/>
  <testcase name="t1" time="0.002" classname="Testpack.DataProvider_demo"/>
</testsuite> <!-- Default test -->
