<?xml version="1.0" encoding="UTF-8"?>
<!-- Generated by org.testng.reporters.JUnitXMLReporter -->
<testsuite hostname="LAPTOP-D3528CHI" ignored="0" name="Test2" tests="5" failures="0" timestamp="19 Jun 2021 05:59:45 GMT" time="0.115" errors="0">
  <testcase name="@BeforeMethod bm" time="0.0" classname="Testpack.Night1">
    <failure type="org.testng.TestNGException" message="
Parameter &amp;apos;username&amp;apos; is required by BeforeMethod on method bm but has not been marked @Optional or defined
in C:\Users\ASUS\eclipse-workspace\TestNGTutorial\parallelexecution.xml">
      <![CDATA[org.testng.TestNGException: 
Parameter 'username' is required by BeforeMethod on method bm but has not been marked @Optional or defined
in C:\Users\ASUS\eclipse-workspace\TestNGTutorial\parallelexecution.xml
at java.util.concurrent.FutureTask.run(Unknown Source)
at java.util.concurrent.ThreadPoolExecutor.runWorker(Unknown Source)
at java.util.concurrent.ThreadPoolExecutor$Worker.run(Unknown Source)
at java.lang.Thread.run(Unknown Source)
... Removed 16 stack frames]]>
    </failure>
  </testcase> <!-- @BeforeMethod bm -->
  <testcase name="@AfterMethod am" time="0.0" classname="Testpack.Night1">
    <skipped/>
  </testcase> <!-- @AfterMethod am -->
  <testcase name="@BeforeMethod bm" time="0.0" classname="Testpack.Night1">
    <skipped/>
  </testcase> <!-- @BeforeMethod bm -->
  <testcase name="@AfterMethod am" time="0.0" classname="Testpack.Night1">
    <skipped/>
  </testcase> <!-- @AfterMethod am -->
  <testcase name="@BeforeMethod bm" time="0.0" classname="Testpack.Night1">
    <skipped/>
  </testcase> <!-- @BeforeMethod bm -->
  <testcase name="@AfterMethod am" time="0.0" classname="Testpack.Night1">
    <skipped/>
  </testcase> <!-- @AfterMethod am -->
  <testcase name="t1" time="0.0" classname="Testpack.Night1">
    <skipped/>
  </testcase> <!-- t1 -->
  <testcase name="t2" time="0.0" classname="Testpack.Night1">
    <skipped/>
  </testcase> <!-- t2 -->
  <testcase name="t3" time="0.0" classname="Testpack.Night1">
    <skipped/>
  </testcase> <!-- t3 -->
  <testcase name="t1" time="0.002" classname="Testpack.Night2"/>
  <testcase name="t2" time="0.003" classname="Testpack.Night2"/>
</testsuite> <!-- Test2 -->
